<?xml version="1.0" encoding="UTF-8"?>
<!-- Generated by org.testng.reporters.JUnitXMLReporter -->
<testsuite hostname="TYSS-MF-033" name="Test" tests="1" failures="1" timestamp="15 Mar 2016 11:26:59 GMT" time="58.647" errors="0">
  <testcase name="VerifyReturnJourny" time="42.707" classname="com.redbus.scripts.VerifyHomePage_Test">
    <failure type="org.openqa.selenium.TimeoutException" message="Timed out after 10 seconds waiting for visibility of [[FirefoxDriver: firefox on WINDOWS (8dd21a00-fd01-45d4-ba73-a50c0d9eced7)] -&amp;gt; xpath: (//div[@class=&amp;apos;busItem clearfix&amp;apos;]/../..//button[@class=&amp;apos;viewSeatsBtn&amp;apos;])[1]]
Build info: version: &amp;apos;2.52.0&amp;apos;, revision: &amp;apos;4c2593cfc3689a7fcd7be52549167e5ccc93ad28&amp;apos;, time: &amp;apos;2016-02-11 11:22:43&amp;apos;
System info: host: &amp;apos;TYSS-MF-033&amp;apos;, ip: &amp;apos;10.10.11.95&amp;apos;, os.name: &amp;apos;Windows 8.1&amp;apos;, os.arch: &amp;apos;amd64&amp;apos;, os.version: &amp;apos;6.3&amp;apos;, java.version: &amp;apos;1.8.0_66&amp;apos;
Driver info: org.openqa.selenium.firefox.FirefoxDriver
Capabilities [{applicationCacheEnabled=true, rotatable=false, handlesAlerts=true, databaseEnabled=true, version=44.0.2, platform=WINDOWS, nativeEvents=false, acceptSslCerts=true, webStorageEnabled=true, locationContextEnabled=true, browserName=firefox, takesScreenshot=true, javascriptEnabled=true, cssSelectorsEnabled=true}]
Session ID: 8dd21a00-fd01-45d4-ba73-a50c0d9eced7">
      <![CDATA[org.openqa.selenium.TimeoutException: Timed out after 10 seconds waiting for visibility of [[FirefoxDriver: firefox on WINDOWS (8dd21a00-fd01-45d4-ba73-a50c0d9eced7)] -> xpath: (//div[@class='busItem clearfix']/../..//button[@class='viewSeatsBtn'])[1]]
Build info: version: '2.52.0', revision: '4c2593cfc3689a7fcd7be52549167e5ccc93ad28', time: '2016-02-11 11:22:43'
System info: host: 'TYSS-MF-033', ip: '10.10.11.95', os.name: 'Windows 8.1', os.arch: 'amd64', os.version: '6.3', java.version: '1.8.0_66'
Driver info: org.openqa.selenium.firefox.FirefoxDriver
Capabilities [{applicationCacheEnabled=true, rotatable=false, handlesAlerts=true, databaseEnabled=true, version=44.0.2, platform=WINDOWS, nativeEvents=false, acceptSslCerts=true, webStorageEnabled=true, locationContextEnabled=true, browserName=firefox, takesScreenshot=true, javascriptEnabled=true, cssSelectorsEnabled=true}]
Session ID: 8dd21a00-fd01-45d4-ba73-a50c0d9eced7
	at org.openqa.selenium.support.ui.WebDriverWait.timeoutException(WebDriverWait.java:80)
	at org.openqa.selenium.support.ui.FluentWait.until(FluentWait.java:261)
	at com.redbus.utils.BookTicketPageLib.clickOnSeatsAndVerify(BookTicketPageLib.java:23)
	at com.redbus.utils.BookTicketPageLib.bookReturnTicket(BookTicketPageLib.java:92)
	at com.redbus.scripts.VerifyHomePage_Test.VerifyReturnJourny(VerifyHomePage_Test.java:73)
... Removed 24 stack frames]]>
    </failure>
  </testcase> <!-- VerifyReturnJourny -->
</testsuite> <!-- Test -->
