<?xml version="1.0" encoding="UTF-8"?>
<testng-results skipped="0" failed="1" total="1" passed="0">
  <reporter-output>
    <line>
      <![CDATA[title verified]]>
    </line>
    <line>
      <![CDATA[verified]]>
    </line>
  </reporter-output>
  <suite name="Suite" duration-ms="58647" started-at="2016-03-15T11:26:01Z" finished-at="2016-03-15T11:26:59Z">
    <groups>
    </groups>
    <test name="Test" duration-ms="58647" started-at="2016-03-15T11:26:01Z" finished-at="2016-03-15T11:26:59Z">
      <class name="com.redbus.scripts.VerifyHomePage_Test">
        <test-method status="PASS" signature="setUp()[pri:0, instance:com.redbus.scripts.VerifyHomePage_Test@19dfb72a]" name="setUp" is-config="true" duration-ms="15841" started-at="2016-03-15T16:56:01Z" finished-at="2016-03-15T16:56:17Z">
          <reporter-output>
          </reporter-output>
        </test-method> <!-- setUp -->
        <test-method status="PASS" signature="initVars()[pri:0, instance:com.redbus.scripts.VerifyHomePage_Test@19dfb72a]" name="initVars" is-config="true" duration-ms="51" started-at="2016-03-15T16:56:17Z" depends-on-methods="com.redbus.scripts.SuperTestNG.setUp" finished-at="2016-03-15T16:56:17Z">
          <reporter-output>
          </reporter-output>
        </test-method> <!-- initVars -->
        <test-method status="FAIL" signature="VerifyReturnJourny(java.lang.String)[pri:0, instance:com.redbus.scripts.VerifyHomePage_Test@19dfb72a]" name="VerifyReturnJourny" duration-ms="42707" started-at="2016-03-15T16:56:17Z" finished-at="2016-03-15T16:56:59Z">
          <params>
            <param index="0">
              <value>
                <![CDATA[Home]]>
              </value>
            </param>
          </params>
          <exception class="org.openqa.selenium.TimeoutException">
            <message>
              <![CDATA[Timed out after 10 seconds waiting for visibility of [[FirefoxDriver: firefox on WINDOWS (8dd21a00-fd01-45d4-ba73-a50c0d9eced7)] -> xpath: (//div[@class='busItem clearfix']/../..//button[@class='viewSeatsBtn'])[1]]
Build info: version: '2.52.0', revision: '4c2593cfc3689a7fcd7be52549167e5ccc93ad28', time: '2016-02-11 11:22:43'
System info: host: 'TYSS-MF-033', ip: '10.10.11.95', os.name: 'Windows 8.1', os.arch: 'amd64', os.version: '6.3', java.version: '1.8.0_66'
Driver info: org.openqa.selenium.firefox.FirefoxDriver
Capabilities [{applicationCacheEnabled=true, rotatable=false, handlesAlerts=true, databaseEnabled=true, version=44.0.2, platform=WINDOWS, nativeEvents=false, acceptSslCerts=true, webStorageEnabled=true, locationContextEnabled=true, browserName=firefox, takesScreenshot=true, javascriptEnabled=true, cssSelectorsEnabled=true}]
Session ID: 8dd21a00-fd01-45d4-ba73-a50c0d9eced7]]>
            </message>
            <full-stacktrace>
              <![CDATA[org.openqa.selenium.TimeoutException: Timed out after 10 seconds waiting for visibility of [[FirefoxDriver: firefox on WINDOWS (8dd21a00-fd01-45d4-ba73-a50c0d9eced7)] -> xpath: (//div[@class='busItem clearfix']/../..//button[@class='viewSeatsBtn'])[1]]
Build info: version: '2.52.0', revision: '4c2593cfc3689a7fcd7be52549167e5ccc93ad28', time: '2016-02-11 11:22:43'
System info: host: 'TYSS-MF-033', ip: '10.10.11.95', os.name: 'Windows 8.1', os.arch: 'amd64', os.version: '6.3', java.version: '1.8.0_66'
Driver info: org.openqa.selenium.firefox.FirefoxDriver
Capabilities [{applicationCacheEnabled=true, rotatable=false, handlesAlerts=true, databaseEnabled=true, version=44.0.2, platform=WINDOWS, nativeEvents=false, acceptSslCerts=true, webStorageEnabled=true, locationContextEnabled=true, browserName=firefox, takesScreenshot=true, javascriptEnabled=true, cssSelectorsEnabled=true}]
Session ID: 8dd21a00-fd01-45d4-ba73-a50c0d9eced7
	at org.openqa.selenium.support.ui.WebDriverWait.timeoutException(WebDriverWait.java:80)
	at org.openqa.selenium.support.ui.FluentWait.until(FluentWait.java:261)
	at com.redbus.utils.BookTicketPageLib.clickOnSeatsAndVerify(BookTicketPageLib.java:23)
	at com.redbus.utils.BookTicketPageLib.bookReturnTicket(BookTicketPageLib.java:92)
	at com.redbus.scripts.VerifyHomePage_Test.VerifyReturnJourny(VerifyHomePage_Test.java:73)
	at sun.reflect.NativeMethodAccessorImpl.invoke0(Native Method)
	at sun.reflect.NativeMethodAccessorImpl.invoke(Unknown Source)
	at sun.reflect.DelegatingMethodAccessorImpl.invoke(Unknown Source)
	at java.lang.reflect.Method.invoke(Unknown Source)
	at org.testng.internal.MethodInvocationHelper.invokeMethod(MethodInvocationHelper.java:85)
	at org.testng.internal.Invoker.invokeMethod(Invoker.java:639)
	at org.testng.internal.Invoker.invokeTestMethod(Invoker.java:816)
	at org.testng.internal.Invoker.invokeTestMethods(Invoker.java:1124)
	at org.testng.internal.TestMethodWorker.invokeTestMethods(TestMethodWorker.java:125)
	at org.testng.internal.TestMethodWorker.run(TestMethodWorker.java:108)
	at org.testng.TestRunner.privateRun(TestRunner.java:774)
	at org.testng.TestRunner.run(TestRunner.java:624)
	at org.testng.SuiteRunner.runTest(SuiteRunner.java:359)
	at org.testng.SuiteRunner.runSequentially(SuiteRunner.java:354)
	at org.testng.SuiteRunner.privateRun(SuiteRunner.java:312)
	at org.testng.SuiteRunner.run(SuiteRunner.java:261)
	at org.testng.SuiteRunnerWorker.runSuite(SuiteRunnerWorker.java:52)
	at org.testng.SuiteRunnerWorker.run(SuiteRunnerWorker.java:86)
	at org.testng.TestNG.runSuitesSequentially(TestNG.java:1191)
	at org.testng.TestNG.runSuitesLocally(TestNG.java:1116)
	at org.testng.TestNG.run(TestNG.java:1024)
	at org.testng.remote.RemoteTestNG.run(RemoteTestNG.java:112)
	at org.testng.remote.RemoteTestNG.initAndRun(RemoteTestNG.java:205)
	at org.testng.remote.RemoteTestNG.main(RemoteTestNG.java:176)
]]>
            </full-stacktrace>
          </exception> <!-- org.openqa.selenium.TimeoutException -->
          <reporter-output>
            <line>
              <![CDATA[title verified]]>
            </line>
            <line>
              <![CDATA[verified]]>
            </line>
          </reporter-output>
        </test-method> <!-- VerifyReturnJourny -->
        <test-method status="PASS" signature="tearDown()[pri:0, instance:com.redbus.scripts.VerifyHomePage_Test@19dfb72a]" name="tearDown" is-config="true" duration-ms="15" started-at="2016-03-15T16:56:59Z" finished-at="2016-03-15T16:56:59Z">
          <reporter-output>
          </reporter-output>
        </test-method> <!-- tearDown -->
      </class> <!-- com.redbus.scripts.VerifyHomePage_Test -->
    </test> <!-- Test -->
  </suite> <!-- Suite -->
</testng-results>
