<?xml version="1.0" encoding="UTF-8"?>
<testng-results skipped="0" failed="0" total="1" passed="1">
  <reporter-output>
    <line>
      <![CDATA[title verified]]>
    </line>
    <line>
      <![CDATA[verified]]>
    </line>
  </reporter-output>
  <suite name="Suite" duration-ms="228775" started-at="2016-03-16T07:58:18Z" finished-at="2016-03-16T08:02:07Z">
    <groups>
    </groups>
    <test name="Test" duration-ms="228775" started-at="2016-03-16T07:58:18Z" finished-at="2016-03-16T08:02:07Z">
      <class name="com.redbus.scripts.VerifyHomePage_Test">
        <test-method status="PASS" signature="setUp()[pri:0, instance:com.redbus.scripts.VerifyHomePage_Test@19dfb72a]" name="setUp" is-config="true" duration-ms="117237" started-at="2016-03-16T13:28:18Z" finished-at="2016-03-16T13:30:15Z">
          <reporter-output>
          </reporter-output>
        </test-method> <!-- setUp -->
        <test-method status="PASS" signature="initVars()[pri:0, instance:com.redbus.scripts.VerifyHomePage_Test@19dfb72a]" name="initVars" is-config="true" duration-ms="31" started-at="2016-03-16T13:30:15Z" depends-on-methods="com.redbus.scripts.SuperTestNG.setUp" finished-at="2016-03-16T13:30:15Z">
          <reporter-output>
          </reporter-output>
        </test-method> <!-- initVars -->
        <test-method status="PASS" signature="VerifyReturnJourny(java.lang.String)[pri:0, instance:com.redbus.scripts.VerifyHomePage_Test@19dfb72a]" name="VerifyReturnJourny" duration-ms="111459" started-at="2016-03-16T13:30:15Z" finished-at="2016-03-16T13:32:07Z">
          <params>
            <param index="0">
              <value>
                <![CDATA[Home]]>
              </value>
            </param>
          </params>
          <reporter-output>
            <line>
              <![CDATA[title verified]]>
            </line>
            <line>
              <![CDATA[verified]]>
            </line>
          </reporter-output>
        </test-method> <!-- VerifyReturnJourny -->
        <test-method status="PASS" signature="tearDown()[pri:0, instance:com.redbus.scripts.VerifyHomePage_Test@19dfb72a]" name="tearDown" is-config="true" duration-ms="16" started-at="2016-03-16T13:32:07Z" finished-at="2016-03-16T13:32:07Z">
          <reporter-output>
          </reporter-output>
        </test-method> <!-- tearDown -->
      </class> <!-- com.redbus.scripts.VerifyHomePage_Test -->
    </test> <!-- Test -->
  </suite> <!-- Suite -->
</testng-results>
